baralho.c
testbar.c
c:\users\gutoc\github\inf1301-progmodular\fontes\testbar.c(239) : warning C4702: unreachable code
c:\users\gutoc\github\inf1301-progmodular\fontes\testbar.c(268) : warning C4702: unreachable code
c:\users\gutoc\github\inf1301-progmodular\fontes\testbar.c(271) : warning C4702: unreachable code
c:\users\gutoc\github\inf1301-progmodular\fontes\testbar.c(272) : warning C4702: unreachable code
c:\users\gutoc\github\inf1301-progmodular\fontes\testbar.c(275) : warning C4702: unreachable code
Microsoft (R) Incremental Linker Version 10.00.40219.01
Copyright (C) Microsoft Corporation.  All rights reserved.

/OUT:..\produto\TesteBaralho.exe 
/INCREMENTAL:NO 
/MACHINE:IX86 
baralho.obj testbar.obj 
ArcaboucoTeste.lib 
baralho.obj : error LNK2019: unresolved external symbol _IrInicioLista referenced in function _BAR_CriarBaralho
baralho.obj : error LNK2019: unresolved external symbol _LIS_InserirElementoApos referenced in function _BAR_CriarBaralho
baralho.obj : error LNK2019: unresolved external symbol _LIS_CriarLista referenced in function _BAR_CriarBaralho
baralho.obj : error LNK2019: unresolved external symbol _LIS_ObterValor referenced in function _BAR_ObterCarta
..\produto\TesteBaralho.exe : fatal error LNK1120: 4 unresolved externals
Microsoft (R) Incremental Linker Version 10.00.40219.01
Copyright (C) Microsoft Corporation.  All rights reserved.

/OUT:..\produto\TesteBaralhoDebug.exe 
/INCREMENTAL:NO 
/MACHINE:IX86 
baralho.obj testbar.obj 
ArcaboucoTeste.lib 
baralho.obj : error LNK2019: unresolved external symbol _IrInicioLista referenced in function _BAR_CriarBaralho
baralho.obj : error LNK2019: unresolved external symbol _LIS_InserirElementoApos referenced in function _BAR_CriarBaralho
baralho.obj : error LNK2019: unresolved external symbol _LIS_CriarLista referenced in function _BAR_CriarBaralho
baralho.obj : error LNK2019: unresolved external symbol _LIS_ObterValor referenced in function _BAR_ObterCarta
..\produto\TesteBaralhoDebug.exe : fatal error LNK1120: 4 unresolved externals
Microsoft (R) Incremental Linker Version 10.00.40219.01
Copyright (C) Microsoft Corporation.  All rights reserved.

/OUT:..\produto\TesteBaralhoProd.exe 
/INCREMENTAL:NO 
/MACHINE:IX86 
baralho.obj testbar.obj 
ArcaboucoTeste.lib 
baralho.obj : error LNK2019: unresolved external symbol _IrInicioLista referenced in function _BAR_CriarBaralho
baralho.obj : error LNK2019: unresolved external symbol _LIS_InserirElementoApos referenced in function _BAR_CriarBaralho
baralho.obj : error LNK2019: unresolved external symbol _LIS_CriarLista referenced in function _BAR_CriarBaralho
baralho.obj : error LNK2019: unresolved external symbol _LIS_ObterValor referenced in function _BAR_ObterCarta
..\produto\TesteBaralhoProd.exe : fatal error LNK1120: 4 unresolved externals
lista.c
testlis.c
Microsoft (R) Incremental Linker Version 10.00.40219.01
Copyright (C) Microsoft Corporation.  All rights reserved.

/OUT:..\produto\TesteLista.exe 
/INCREMENTAL:NO 
/MACHINE:IX86 
lista.obj testlis.obj 
ArcaboucoTeste.lib 
Microsoft (R) Incremental Linker Version 10.00.40219.01
Copyright (C) Microsoft Corporation.  All rights reserved.

/OUT:..\produto\TesteListaDebug.exe 
/INCREMENTAL:NO 
/MACHINE:IX86 
lista.obj testlis.obj 
ArcaboucoTeste.lib 
Microsoft (R) Incremental Linker Version 10.00.40219.01
Copyright (C) Microsoft Corporation.  All rights reserved.

/OUT:..\produto\TesteListaProd.exe 
/INCREMENTAL:NO 
/MACHINE:IX86 
lista.obj testlis.obj 
ArcaboucoTeste.lib 
